[     560ms] [WARNING] The AudioContext was not allowed to start. It must be resumed (or created) after a user gesture on the page. https://developer.chrome.com/blog/autoplay/#web_audio @ http://localhost:5000/src/lib/audioManager.ts:196
[     561ms] [WARNING] The AudioContext was not allowed to start. It must be resumed (or created) after a user gesture on the page. https://developer.chrome.com/blog/autoplay/#web_audio @ http://localhost:5000/src/lib/audioManager.ts:250
[     755ms] [WARNING] Error while trying to use the following icon from the Manifest: http://localhost:5000/HunterPath/icon-192x192.png (Download error or resource isn't a valid image) @ http://localhost:5000/:0
[  496642ms] [ERROR] Warning: Invalid hook call. Hooks can only be called inside of the body of a function component. This could happen for one of the following reasons:
1. You might have mismatching versions of React and the renderer (such as React DOM)
2. You might be breaking the Rules of Hooks
3. You might have more than one copy of React in the same app
See https://reactjs.org/link/invalid-hook-call for tips about how to debug and fix this problem. @ http://localhost:5000/@fs/home/jesse/Projects/HunterPath/node_modules/.vite/deps/chunk-3TFVT2CW.js?v=b243a4a6:135
[  496643ms] [ERROR] Warning: Invalid hook call. Hooks can only be called inside of the body of a function component. This could happen for one of the following reasons:
1. You might have mismatching versions of React and the renderer (such as React DOM)
2. You might be breaking the Rules of Hooks
3. You might have more than one copy of React in the same app
See https://reactjs.org/link/invalid-hook-call for tips about how to debug and fix this problem. @ http://localhost:5000/@fs/home/jesse/Projects/HunterPath/node_modules/.vite/deps/chunk-3TFVT2CW.js?v=b243a4a6:135
[  496643ms] [ERROR] Global error caught: ErrorEvent @ http://localhost:5000/src/components/game/HuntersPath.tsx:883
[  496653ms] [ERROR] Warning: Invalid hook call. Hooks can only be called inside of the body of a function component. This could happen for one of the following reasons:
1. You might have mismatching versions of React and the renderer (such as React DOM)
2. You might be breaking the Rules of Hooks
3. You might have more than one copy of React in the same app
See https://reactjs.org/link/invalid-hook-call for tips about how to debug and fix this problem. @ http://localhost:5000/@fs/home/jesse/Projects/HunterPath/node_modules/.vite/deps/chunk-3TFVT2CW.js?v=b243a4a6:135
[  496653ms] [ERROR] Warning: Invalid hook call. Hooks can only be called inside of the body of a function component. This could happen for one of the following reasons:
1. You might have mismatching versions of React and the renderer (such as React DOM)
2. You might be breaking the Rules of Hooks
3. You might have more than one copy of React in the same app
See https://reactjs.org/link/invalid-hook-call for tips about how to debug and fix this problem. @ http://localhost:5000/@fs/home/jesse/Projects/HunterPath/node_modules/.vite/deps/chunk-3TFVT2CW.js?v=b243a4a6:135
[  496653ms] [ERROR] Global error caught: ErrorEvent @ http://localhost:5000/src/components/game/HuntersPath.tsx:883
[  496656ms] [ERROR] TypeError: Cannot read properties of null (reading 'useMemo')
    at useMemo (http://localhost:5000/@fs/home/jesse/Projects/HunterPath/node_modules/.vite/deps/chunk-3TFVT2CW.js?v=b243a4a6:1094:29)
    at AnimatePresence (http://localhost:5000/@fs/home/jesse/Projects/HunterPath/node_modules/.vite/deps/framer-motion.js?v=05c08439:7802:54)
    at renderWithHooks (http://localhost:5000/@fs/home/jesse/Projects/HunterPath/node_modules/.vite/deps/chunk-WERSD76P.js?v=7a4c9bf8:11548:26)
    at mountIndeterminateComponent (http://localhost:5000/@fs/home/jesse/Projects/HunterPath/node_modules/.vite/deps/chunk-WERSD76P.js?v=7a4c9bf8:14926:21)
    at beginWork (http://localhost:5000/@fs/home/jesse/Projects/HunterPath/node_modules/.vite/deps/chunk-WERSD76P.js?v=7a4c9bf8:15914:22)
    at beginWork$1 (http://localhost:5000/@fs/home/jesse/Projects/HunterPath/node_modules/.vite/deps/chunk-WERSD76P.js?v=7a4c9bf8:19753:22)
    at performUnitOfWork (http://localhost:5000/@fs/home/jesse/Projects/HunterPath/node_modules/.vite/deps/chunk-WERSD76P.js?v=7a4c9bf8:19198:20)
    at workLoopSync (http://localhost:5000/@fs/home/jesse/Projects/HunterPath/node_modules/.vite/deps/chunk-WERSD76P.js?v=7a4c9bf8:19137:13)
    at renderRootSync (http://localhost:5000/@fs/home/jesse/Projects/HunterPath/node_modules/.vite/deps/chunk-WERSD76P.js?v=7a4c9bf8:19116:15)
    at recoverFromConcurrentError (http://localhost:5000/@fs/home/jesse/Projects/HunterPath/node_modules/.vite/deps/chunk-WERSD76P.js?v=7a4c9bf8:18736:28) @ http://localhost:5000/@fs/home/jesse/Projects/HunterPath/node_modules/.vite/deps/chunk-WERSD76P.js?v=7a4c9bf8:14019
[  496657ms] [ERROR] The above error occurred in the <AnimatePresence> component:

    at AnimatePresence (http://localhost:5000/@fs/home/jesse/Projects/HunterPath/node_modules/.vite/deps/framer-motion.js?v=05c08439:7800:26)
    at ParticleLayer
    at div
    at div
    at Card (http://localhost:5000/src/components/game/HuntersPath.tsx:448:3)
    at section
    at div
    at div
    at div
    at HuntersPath (http://localhost:5000/src/components/game/HuntersPath.tsx:796:56)
    at Provider (http://localhost:5000/@fs/home/jesse/Projects/HunterPath/node_modules/.vite/deps/chunk-NNSJBSER.js?v=7a4c9bf8:25:15)
    at TooltipProvider (http://localhost:5000/@fs/home/jesse/Projects/HunterPath/node_modules/.vite/deps/@radix-ui_react-tooltip.js?v=b93c5cd0:2240:5)
    at QueryClientProvider (http://localhost:5000/@fs/home/jesse/Projects/HunterPath/node_modules/.vite/deps/@tanstack_react-query.js?v=f64daa61:2805:3)
    at App

Consider adding an error boundary to your tree to customize error handling behavior.
Visit https://reactjs.org/link/error-boundaries to learn more about error boundaries. @ http://localhost:5000/@fs/home/jesse/Projects/HunterPath/node_modules/.vite/deps/chunk-WERSD76P.js?v=7a4c9bf8:14031
[  496657ms] [ERROR] Global error caught: ErrorEvent @ http://localhost:5000/src/components/game/HuntersPath.tsx:883
[  544571ms] [ERROR] WebSocket connection to 'ws://localhost:5000/?token=bdjYrlr_lPJI' failed: Error during WebSocket handshake: Unexpected response code: 400 @ http://localhost:5000/@vite/client:535
[  544575ms] SyntaxError: Failed to construct 'WebSocket': The URL 'ws://localhost:undefined/?token=bdjYrlr_lPJI' is invalid.
    at setupWebSocket (http://localhost:5000/@vite/client:536:19)
    at fallback (http://localhost:5000/@vite/client:509:16)
    at WebSocket.<anonymous> (http://localhost:5000/@vite/client:555:7)
[  544796ms] [ERROR] Warning: Invalid hook call. Hooks can only be called inside of the body of a function component. This could happen for one of the following reasons:
1. You might have mismatching versions of React and the renderer (such as React DOM)
2. You might be breaking the Rules of Hooks
3. You might have more than one copy of React in the same app
See https://reactjs.org/link/invalid-hook-call for tips about how to debug and fix this problem. @ http://localhost:5000/@fs/home/jesse/Projects/HunterPath/node_modules/.vite/deps/chunk-3TFVT2CW.js?v=b243a4a6:135
[  544797ms] [ERROR] Warning: Invalid hook call. Hooks can only be called inside of the body of a function component. This could happen for one of the following reasons:
1. You might have mismatching versions of React and the renderer (such as React DOM)
2. You might be breaking the Rules of Hooks
3. You might have more than one copy of React in the same app
See https://reactjs.org/link/invalid-hook-call for tips about how to debug and fix this problem. @ http://localhost:5000/@fs/home/jesse/Projects/HunterPath/node_modules/.vite/deps/chunk-3TFVT2CW.js?v=b243a4a6:135
[  544802ms] TypeError: Cannot read properties of null (reading 'useEffect')
    at Object.useEffect (http://localhost:5000/@fs/home/jesse/Projects/HunterPath/node_modules/.vite/deps/chunk-3TFVT2CW.js?v=b243a4a6:1078:29)
    at QueryClientProvider (http://localhost:5000/@fs/home/jesse/Projects/HunterPath/node_modules/.vite/deps/@tanstack_react-query.js?v=f23cd135:2808:9)
    at renderWithHooks (http://localhost:5000/@fs/home/jesse/Projects/HunterPath/node_modules/.vite/deps/chunk-WERSD76P.js?v=699444b2:11548:26)
    at mountIndeterminateComponent (http://localhost:5000/@fs/home/jesse/Projects/HunterPath/node_modules/.vite/deps/chunk-WERSD76P.js?v=699444b2:14926:21)
    at beginWork (http://localhost:5000/@fs/home/jesse/Projects/HunterPath/node_modules/.vite/deps/chunk-WERSD76P.js?v=699444b2:15914:22)
    at HTMLUnknownElement.callCallback2 (http://localhost:5000/@fs/home/jesse/Projects/HunterPath/node_modules/.vite/deps/chunk-WERSD76P.js?v=699444b2:3674:22)
    at Object.invokeGuardedCallbackDev (http://localhost:5000/@fs/home/jesse/Projects/HunterPath/node_modules/.vite/deps/chunk-WERSD76P.js?v=699444b2:3699:24)
    at invokeGuardedCallback (http://localhost:5000/@fs/home/jesse/Projects/HunterPath/node_modules/.vite/deps/chunk-WERSD76P.js?v=699444b2:3733:39)
    at beginWork$1 (http://localhost:5000/@fs/home/jesse/Projects/HunterPath/node_modules/.vite/deps/chunk-WERSD76P.js?v=699444b2:19765:15)
    at performUnitOfWork (http://localhost:5000/@fs/home/jesse/Projects/HunterPath/node_modules/.vite/deps/chunk-WERSD76P.js?v=699444b2:19198:20)
[  544799ms] [ERROR] Warning: Invalid hook call. Hooks can only be called inside of the body of a function component. This could happen for one of the following reasons:
1. You might have mismatching versions of React and the renderer (such as React DOM)
2. You might be breaking the Rules of Hooks
3. You might have more than one copy of React in the same app
See https://reactjs.org/link/invalid-hook-call for tips about how to debug and fix this problem. @ http://localhost:5000/@fs/home/jesse/Projects/HunterPath/node_modules/.vite/deps/chunk-3TFVT2CW.js?v=b243a4a6:135
[  544799ms] [ERROR] Warning: Invalid hook call. Hooks can only be called inside of the body of a function component. This could happen for one of the following reasons:
1. You might have mismatching versions of React and the renderer (such as React DOM)
2. You might be breaking the Rules of Hooks
3. You might have more than one copy of React in the same app
See https://reactjs.org/link/invalid-hook-call for tips about how to debug and fix this problem. @ http://localhost:5000/@fs/home/jesse/Projects/HunterPath/node_modules/.vite/deps/chunk-3TFVT2CW.js?v=b243a4a6:135
[  544803ms] TypeError: Cannot read properties of null (reading 'useEffect')
    at Object.useEffect (http://localhost:5000/@fs/home/jesse/Projects/HunterPath/node_modules/.vite/deps/chunk-3TFVT2CW.js?v=b243a4a6:1078:29)
    at QueryClientProvider (http://localhost:5000/@fs/home/jesse/Projects/HunterPath/node_modules/.vite/deps/@tanstack_react-query.js?v=f23cd135:2808:9)
    at renderWithHooks (http://localhost:5000/@fs/home/jesse/Projects/HunterPath/node_modules/.vite/deps/chunk-WERSD76P.js?v=699444b2:11548:26)
    at mountIndeterminateComponent (http://localhost:5000/@fs/home/jesse/Projects/HunterPath/node_modules/.vite/deps/chunk-WERSD76P.js?v=699444b2:14926:21)
    at beginWork (http://localhost:5000/@fs/home/jesse/Projects/HunterPath/node_modules/.vite/deps/chunk-WERSD76P.js?v=699444b2:15914:22)
    at HTMLUnknownElement.callCallback2 (http://localhost:5000/@fs/home/jesse/Projects/HunterPath/node_modules/.vite/deps/chunk-WERSD76P.js?v=699444b2:3674:22)
    at Object.invokeGuardedCallbackDev (http://localhost:5000/@fs/home/jesse/Projects/HunterPath/node_modules/.vite/deps/chunk-WERSD76P.js?v=699444b2:3699:24)
    at invokeGuardedCallback (http://localhost:5000/@fs/home/jesse/Projects/HunterPath/node_modules/.vite/deps/chunk-WERSD76P.js?v=699444b2:3733:39)
    at beginWork$1 (http://localhost:5000/@fs/home/jesse/Projects/HunterPath/node_modules/.vite/deps/chunk-WERSD76P.js?v=699444b2:19765:15)
    at performUnitOfWork (http://localhost:5000/@fs/home/jesse/Projects/HunterPath/node_modules/.vite/deps/chunk-WERSD76P.js?v=699444b2:19198:20)
[  544800ms] [ERROR] The above error occurred in the <QueryClientProvider> component:

    at QueryClientProvider (http://localhost:5000/@fs/home/jesse/Projects/HunterPath/node_modules/.vite/deps/@tanstack_react-query.js?v=f23cd135:2805:3)
    at App

Consider adding an error boundary to your tree to customize error handling behavior.
Visit https://reactjs.org/link/error-boundaries to learn more about error boundaries. @ http://localhost:5000/@fs/home/jesse/Projects/HunterPath/node_modules/.vite/deps/chunk-WERSD76P.js?v=699444b2:14031
[  544804ms] TypeError: Cannot read properties of null (reading 'useEffect')
    at Object.useEffect (http://localhost:5000/@fs/home/jesse/Projects/HunterPath/node_modules/.vite/deps/chunk-3TFVT2CW.js?v=b243a4a6:1078:29)
    at QueryClientProvider (http://localhost:5000/@fs/home/jesse/Projects/HunterPath/node_modules/.vite/deps/@tanstack_react-query.js?v=f23cd135:2808:9)
    at renderWithHooks (http://localhost:5000/@fs/home/jesse/Projects/HunterPath/node_modules/.vite/deps/chunk-WERSD76P.js?v=699444b2:11548:26)
    at mountIndeterminateComponent (http://localhost:5000/@fs/home/jesse/Projects/HunterPath/node_modules/.vite/deps/chunk-WERSD76P.js?v=699444b2:14926:21)
    at beginWork (http://localhost:5000/@fs/home/jesse/Projects/HunterPath/node_modules/.vite/deps/chunk-WERSD76P.js?v=699444b2:15914:22)
    at beginWork$1 (http://localhost:5000/@fs/home/jesse/Projects/HunterPath/node_modules/.vite/deps/chunk-WERSD76P.js?v=699444b2:19753:22)
    at performUnitOfWork (http://localhost:5000/@fs/home/jesse/Projects/HunterPath/node_modules/.vite/deps/chunk-WERSD76P.js?v=699444b2:19198:20)
    at workLoopSync (http://localhost:5000/@fs/home/jesse/Projects/HunterPath/node_modules/.vite/deps/chunk-WERSD76P.js?v=699444b2:19137:13)
    at renderRootSync (http://localhost:5000/@fs/home/jesse/Projects/HunterPath/node_modules/.vite/deps/chunk-WERSD76P.js?v=699444b2:19116:15)
    at recoverFromConcurrentError (http://localhost:5000/@fs/home/jesse/Projects/HunterPath/node_modules/.vite/deps/chunk-WERSD76P.js?v=699444b2:18736:28)
[  544834ms] [WARNING] Error while trying to use the following icon from the Manifest: http://localhost:5000/HunterPath/icon-192x192.png (Download error or resource isn't a valid image) @ http://localhost:5000/:0
