[    1598ms] [WARNING] Error while trying to use the following icon from the Manifest: http://localhost:5000/HunterPath/icon-192x192.png (Download error or resource isn't a valid image) @ http://localhost:5000/:0
[    2234ms] [ERROR] WebSocket connection to 'ws://localhost:5000/?token=vbu1h2iDFGun' failed: Error during WebSocket handshake: Unexpected response code: 400 @ http://localhost:5000/@vite/client:535
[    2240ms] SyntaxError: Failed to construct 'WebSocket': The URL 'ws://localhost:undefined/?token=vbu1h2iDFGun' is invalid.
    at setupWebSocket (http://localhost:5000/@vite/client:536:19)
    at fallback (http://localhost:5000/@vite/client:509:16)
    at WebSocket.<anonymous> (http://localhost:5000/@vite/client:555:7)
[    2650ms] [ERROR] Warning: Invalid hook call. Hooks can only be called inside of the body of a function component. This could happen for one of the following reasons:
1. You might have mismatching versions of React and the renderer (such as React DOM)
2. You might be breaking the Rules of Hooks
3. You might have more than one copy of React in the same app
See https://reactjs.org/link/invalid-hook-call for tips about how to debug and fix this problem. @ http://localhost:5000/@fs/home/jesse/Projects/HunterPath/node_modules/.vite/deps/chunk-3TFVT2CW.js?v=81747235:135
[    2651ms] [ERROR] Warning: Invalid hook call. Hooks can only be called inside of the body of a function component. This could happen for one of the following reasons:
1. You might have mismatching versions of React and the renderer (such as React DOM)
2. You might be breaking the Rules of Hooks
3. You might have more than one copy of React in the same app
See https://reactjs.org/link/invalid-hook-call for tips about how to debug and fix this problem. @ http://localhost:5000/@fs/home/jesse/Projects/HunterPath/node_modules/.vite/deps/chunk-3TFVT2CW.js?v=81747235:135
[    2664ms] TypeError: Cannot read properties of null (reading 'useEffect')
    at Object.useEffect (http://localhost:5000/@fs/home/jesse/Projects/HunterPath/node_modules/.vite/deps/chunk-3TFVT2CW.js?v=81747235:1078:29)
    at QueryClientProvider (http://localhost:5000/@fs/home/jesse/Projects/HunterPath/node_modules/.vite/deps/@tanstack_react-query.js?v=81747235:2808:9)
    at renderWithHooks (http://localhost:5000/@fs/home/jesse/Projects/HunterPath/node_modules/.vite/deps/chunk-WERSD76P.js?v=81747235:11548:26)
    at mountIndeterminateComponent (http://localhost:5000/@fs/home/jesse/Projects/HunterPath/node_modules/.vite/deps/chunk-WERSD76P.js?v=81747235:14926:21)
    at beginWork (http://localhost:5000/@fs/home/jesse/Projects/HunterPath/node_modules/.vite/deps/chunk-WERSD76P.js?v=81747235:15914:22)
    at HTMLUnknownElement.callCallback2 (http://localhost:5000/@fs/home/jesse/Projects/HunterPath/node_modules/.vite/deps/chunk-WERSD76P.js?v=81747235:3674:22)
    at Object.invokeGuardedCallbackDev (http://localhost:5000/@fs/home/jesse/Projects/HunterPath/node_modules/.vite/deps/chunk-WERSD76P.js?v=81747235:3699:24)
    at invokeGuardedCallback (http://localhost:5000/@fs/home/jesse/Projects/HunterPath/node_modules/.vite/deps/chunk-WERSD76P.js?v=81747235:3733:39)
    at beginWork$1 (http://localhost:5000/@fs/home/jesse/Projects/HunterPath/node_modules/.vite/deps/chunk-WERSD76P.js?v=81747235:19765:15)
    at performUnitOfWork (http://localhost:5000/@fs/home/jesse/Projects/HunterPath/node_modules/.vite/deps/chunk-WERSD76P.js?v=81747235:19198:20)
[    2655ms] [ERROR] Warning: Invalid hook call. Hooks can only be called inside of the body of a function component. This could happen for one of the following reasons:
1. You might have mismatching versions of React and the renderer (such as React DOM)
2. You might be breaking the Rules of Hooks
3. You might have more than one copy of React in the same app
See https://reactjs.org/link/invalid-hook-call for tips about how to debug and fix this problem. @ http://localhost:5000/@fs/home/jesse/Projects/HunterPath/node_modules/.vite/deps/chunk-3TFVT2CW.js?v=81747235:135
[    2655ms] [ERROR] Warning: Invalid hook call. Hooks can only be called inside of the body of a function component. This could happen for one of the following reasons:
1. You might have mismatching versions of React and the renderer (such as React DOM)
2. You might be breaking the Rules of Hooks
3. You might have more than one copy of React in the same app
See https://reactjs.org/link/invalid-hook-call for tips about how to debug and fix this problem. @ http://localhost:5000/@fs/home/jesse/Projects/HunterPath/node_modules/.vite/deps/chunk-3TFVT2CW.js?v=81747235:135
[    2664ms] TypeError: Cannot read properties of null (reading 'useEffect')
    at Object.useEffect (http://localhost:5000/@fs/home/jesse/Projects/HunterPath/node_modules/.vite/deps/chunk-3TFVT2CW.js?v=81747235:1078:29)
    at QueryClientProvider (http://localhost:5000/@fs/home/jesse/Projects/HunterPath/node_modules/.vite/deps/@tanstack_react-query.js?v=81747235:2808:9)
    at renderWithHooks (http://localhost:5000/@fs/home/jesse/Projects/HunterPath/node_modules/.vite/deps/chunk-WERSD76P.js?v=81747235:11548:26)
    at mountIndeterminateComponent (http://localhost:5000/@fs/home/jesse/Projects/HunterPath/node_modules/.vite/deps/chunk-WERSD76P.js?v=81747235:14926:21)
    at beginWork (http://localhost:5000/@fs/home/jesse/Projects/HunterPath/node_modules/.vite/deps/chunk-WERSD76P.js?v=81747235:15914:22)
    at HTMLUnknownElement.callCallback2 (http://localhost:5000/@fs/home/jesse/Projects/HunterPath/node_modules/.vite/deps/chunk-WERSD76P.js?v=81747235:3674:22)
    at Object.invokeGuardedCallbackDev (http://localhost:5000/@fs/home/jesse/Projects/HunterPath/node_modules/.vite/deps/chunk-WERSD76P.js?v=81747235:3699:24)
    at invokeGuardedCallback (http://localhost:5000/@fs/home/jesse/Projects/HunterPath/node_modules/.vite/deps/chunk-WERSD76P.js?v=81747235:3733:39)
    at beginWork$1 (http://localhost:5000/@fs/home/jesse/Projects/HunterPath/node_modules/.vite/deps/chunk-WERSD76P.js?v=81747235:19765:15)
    at performUnitOfWork (http://localhost:5000/@fs/home/jesse/Projects/HunterPath/node_modules/.vite/deps/chunk-WERSD76P.js?v=81747235:19198:20)
[    2657ms] [ERROR] The above error occurred in the <QueryClientProvider> component:

    at QueryClientProvider (http://localhost:5000/@fs/home/jesse/Projects/HunterPath/node_modules/.vite/deps/@tanstack_react-query.js?v=81747235:2805:3)
    at ErrorBoundary (http://localhost:5000/src/components/ErrorBoundary.tsx?v=wI5rEhypPWMiFIHcKLNxU:7:5)
    at App

React will try to recreate this component tree from scratch using the error boundary you provided, ErrorBoundary. @ http://localhost:5000/@fs/home/jesse/Projects/HunterPath/node_modules/.vite/deps/chunk-WERSD76P.js?v=81747235:14031
[    2657ms] [ERROR] Game crashed: TypeError: Cannot read properties of null (reading 'useEffect')
    at Object.useEffect (http://localhost:5000/@fs/home/jesse/Projects/HunterPath/node_modules/.vite/deps/chunk-3TFVT2CW.js?v=81747235:1078:29)
    at QueryClientProvider (http://localhost:5000/@fs/home/jesse/Projects/HunterPath/node_modules/.vite/deps/@tanstack_react-query.js?v=81747235:2808:9)
    at renderWithHooks (http://localhost:5000/@fs/home/jesse/Projects/HunterPath/node_modules/.vite/deps/chunk-WERSD76P.js?v=81747235:11548:26)
    at mountIndeterminateComponent (http://localhost:5000/@fs/home/jesse/Projects/HunterPath/node_modules/.vite/deps/chunk-WERSD76P.js?v=81747235:14926:21)
    at beginWork (http://localhost:5000/@fs/home/jesse/Projects/HunterPath/node_modules/.vite/deps/chunk-WERSD76P.js?v=81747235:15914:22)
    at beginWork$1 (http://localhost:5000/@fs/home/jesse/Projects/HunterPath/node_modules/.vite/deps/chunk-WERSD76P.js?v=81747235:19753:22)
    at performUnitOfWork (http://localhost:5000/@fs/home/jesse/Projects/HunterPath/node_modules/.vite/deps/chunk-WERSD76P.js?v=81747235:19198:20)
    at workLoopSync (http://localhost:5000/@fs/home/jesse/Projects/HunterPath/node_modules/.vite/deps/chunk-WERSD76P.js?v=81747235:19137:13)
    at renderRootSync (http://localhost:5000/@fs/home/jesse/Projects/HunterPath/node_modules/.vite/deps/chunk-WERSD76P.js?v=81747235:19116:15)
    at recoverFromConcurrentError (http://localhost:5000/@fs/home/jesse/Projects/HunterPath/node_modules/.vite/deps/chunk-WERSD76P.js?v=81747235:18736:28) {componentStack: 
    at QueryClientProvider (http://localhost:5000…ndary.tsx?v=wI5rEhypPWMiFIHcKLNxU:7:5)
    at App} @ http://localhost:5000/src/components/ErrorBoundary.tsx?v=wI5rEhypPWMiFIHcKLNxU:13
[    2678ms] [WARNING] Error while trying to use the following icon from the Manifest: http://localhost:5000/HunterPath/icon-192x192.png (Download error or resource isn't a valid image) @ http://localhost:5000/:0
