[     171ms] [ERROR] WebSocket connection to 'ws://localhost:5000/?token=BoEzBs8UHcdu' failed: Error during WebSocket handshake: Unexpected response code: 400 @ http://localhost:5000/@vite/client:535
[     173ms] SyntaxError: Failed to construct 'WebSocket': The URL 'ws://localhost:undefined/?token=BoEzBs8UHcdu' is invalid.
    at setupWebSocket (http://localhost:5000/@vite/client:536:19)
    at fallback (http://localhost:5000/@vite/client:509:16)
    at WebSocket.<anonymous> (http://localhost:5000/@vite/client:555:7)
[     466ms] [WARNING] Error while trying to use the following icon from the Manifest: http://localhost:5000/HunterPath/icon-192x192.png (Download error or resource isn't a valid image) @ http://localhost:5000/:0
[    9541ms] [ERROR] Global error caught: ErrorEvent @ http://localhost:5000/src/components/game/HuntersPath.tsx?t=1771875586925:984
[    9543ms] [ERROR] Global error caught: ErrorEvent @ http://localhost:5000/src/components/game/HuntersPath.tsx?t=1771875586925:984
[    9545ms] [ERROR] TypeError: mod.applyToCombat is not a function
    at http://localhost:5000/src/components/game/HuntersPath.tsx?t=1771875586925:1246:30
    at basicStateReducer (http://localhost:5000/@fs/home/jesse/Projects/HunterPath/node_modules/.vite/deps/chunk-WERSD76P.js?v=964d8f76:11703:49)
    at updateReducer (http://localhost:5000/@fs/home/jesse/Projects/HunterPath/node_modules/.vite/deps/chunk-WERSD76P.js?v=964d8f76:11794:30)
    at updateState (http://localhost:5000/@fs/home/jesse/Projects/HunterPath/node_modules/.vite/deps/chunk-WERSD76P.js?v=964d8f76:12021:18)
    at Object.useState (http://localhost:5000/@fs/home/jesse/Projects/HunterPath/node_modules/.vite/deps/chunk-WERSD76P.js?v=964d8f76:12753:24)
    at useState (http://localhost:5000/@fs/home/jesse/Projects/HunterPath/node_modules/.vite/deps/chunk-3TFVT2CW.js?v=964d8f76:1066:29)
    at HuntersPath (http://localhost:5000/src/components/game/HuntersPath.tsx?t=1771875586925:894:33)
    at renderWithHooks (http://localhost:5000/@fs/home/jesse/Projects/HunterPath/node_modules/.vite/deps/chunk-WERSD76P.js?v=964d8f76:11548:26)
    at updateFunctionComponent (http://localhost:5000/@fs/home/jesse/Projects/HunterPath/node_modules/.vite/deps/chunk-WERSD76P.js?v=964d8f76:14582:28)
    at beginWork (http://localhost:5000/@fs/home/jesse/Projects/HunterPath/node_modules/.vite/deps/chunk-WERSD76P.js?v=964d8f76:15924:22) @ http://localhost:5000/@fs/home/jesse/Projects/HunterPath/node_modules/.vite/deps/chunk-WERSD76P.js?v=964d8f76:14019
[    9545ms] [ERROR] The above error occurred in the <HuntersPath> component:

    at HuntersPath (http://localhost:5000/src/components/game/HuntersPath.tsx?t=1771875586925:883:62)
    at Provider (http://localhost:5000/@fs/home/jesse/Projects/HunterPath/node_modules/.vite/deps/chunk-YB5KI4Z7.js?v=964d8f76:88:15)
    at TooltipProvider (http://localhost:5000/@fs/home/jesse/Projects/HunterPath/node_modules/.vite/deps/@radix-ui_react-tooltip.js?v=964d8f76:2242:5)
    at QueryClientProvider (http://localhost:5000/@fs/home/jesse/Projects/HunterPath/node_modules/.vite/deps/@tanstack_react-query.js?v=964d8f76:2805:3)
    at App

Consider adding an error boundary to your tree to customize error handling behavior.
Visit https://reactjs.org/link/error-boundaries to learn more about error boundaries. @ http://localhost:5000/@fs/home/jesse/Projects/HunterPath/node_modules/.vite/deps/chunk-WERSD76P.js?v=964d8f76:14031
[    9546ms] [ERROR] Global error caught: ErrorEvent @ http://localhost:5000/src/components/game/HuntersPath.tsx?t=1771875586925:984
