[      29ms] [ERROR] WebSocket connection to 'ws://localhost:5000/?token=laQUEN_OVGs6' failed: Error during WebSocket handshake: Unexpected response code: 400 @ http://localhost:5000/@vite/client:535
[     134ms] [ERROR] WebSocket connection to 'ws://localhost:5000/?token=laQUEN_OVGs6' failed: Error during WebSocket handshake: Unexpected response code: 400 @ http://localhost:5000/@vite/client:535
[     138ms] [ERROR] [vite] failed to connect to websocket.
your current setup:
  (browser) localhost:5000/ <--[HTTP]--> localhost:5000/ (server)
  (browser) localhost:5000/ <--[WebSocket (failing)]--> localhost:5000/ (server)
Check out your Vite / network configuration and https://vite.dev/config/server-options.html#server-hmr . @ http://localhost:5000/@vite/client:511
[     139ms] [WARNING] The AudioContext was not allowed to start. It must be resumed (or created) after a user gesture on the page. https://developer.chrome.com/blog/autoplay/#web_audio @ http://localhost:5000/src/lib/audioManager.ts:196
[     140ms] [WARNING] The AudioContext was not allowed to start. It must be resumed (or created) after a user gesture on the page. https://developer.chrome.com/blog/autoplay/#web_audio @ http://localhost:5000/src/lib/audioManager.ts:250
[     149ms] [WARNING] Error while trying to use the following icon from the Manifest: http://localhost:5000/HunterPath/icon-192x192.png (Download error or resource isn't a valid image) @ http://localhost:5000/:0
[   19440ms] [ERROR] WebSocket connection to 'ws://localhost:5000/?token=laQUEN_OVGs6' failed: Error during WebSocket handshake: Unexpected response code: 400 @ http://localhost:5000/@vite/client:535
[   19521ms] [ERROR] WebSocket connection to 'ws://localhost:5000/?token=laQUEN_OVGs6' failed: Error during WebSocket handshake: Unexpected response code: 400 @ http://localhost:5000/@vite/client:535
[   19533ms] [ERROR] [vite] failed to connect to websocket.
your current setup:
  (browser) localhost:5000/ <--[HTTP]--> localhost:5000/ (server)
  (browser) localhost:5000/ <--[WebSocket (failing)]--> localhost:5000/ (server)
Check out your Vite / network configuration and https://vite.dev/config/server-options.html#server-hmr . @ http://localhost:5000/@vite/client:511
[   19535ms] [WARNING] Error while trying to use the following icon from the Manifest: http://localhost:5000/HunterPath/icon-192x192.png (Download error or resource isn't a valid image) @ http://localhost:5000/:0
[   31500ms] [ERROR] WebSocket connection to 'ws://localhost:5000/?token=BoEzBs8UHcdu' failed: Error during WebSocket handshake: Unexpected response code: 400 @ http://localhost:5000/@vite/client:535
[   31534ms] [WARNING] The AudioContext was not allowed to start. It must be resumed (or created) after a user gesture on the page. https://developer.chrome.com/blog/autoplay/#web_audio @ http://localhost:5000/src/lib/audioManager.ts:196
[   31535ms] [WARNING] The AudioContext was not allowed to start. It must be resumed (or created) after a user gesture on the page. https://developer.chrome.com/blog/autoplay/#web_audio @ http://localhost:5000/src/lib/audioManager.ts:250
[   31539ms] [ERROR] Unhandled promise rejection: SyntaxError: Failed to construct 'WebSocket': The URL 'ws://localhost:undefined/?token=BoEzBs8UHcdu' is invalid.
    at setupWebSocket (http://localhost:5000/@vite/client:536:19)
    at fallback (http://localhost:5000/@vite/client:509:16)
    at WebSocket.<anonymous> (http://localhost:5000/@vite/client:555:7) @ http://localhost:5000/src/components/game/HuntersPath.tsx?t=1771873558745&v=gCFZ5y_oOq-bBolY5elVe:893
[   31556ms] [WARNING] Error while trying to use the following icon from the Manifest: http://localhost:5000/HunterPath/icon-192x192.png (Download error or resource isn't a valid image) @ http://localhost:5000/:0
